0 info it worked if it ends with ok
1 verbose cli [ 'C:\\Program Files\\nodejs\\\\node.exe',
1 verbose cli   'C:\\Program Files\\nodejs\\node_modules\\npm\\bin\\npm-cli.js',
1 verbose cli   'install',
1 verbose cli   '-g',
1 verbose cli   'grunit-init' ]
2 info using npm@1.4.28
3 info using node@v0.10.32
4 verbose node symlink C:\Program Files\nodejs\\node.exe
5 verbose cache add [ 'grunit-init', null ]
6 verbose cache add name=undefined spec="grunit-init" args=["grunit-init",null]
7 verbose parsed url { protocol: null,
7 verbose parsed url   slashes: null,
7 verbose parsed url   auth: null,
7 verbose parsed url   host: null,
7 verbose parsed url   port: null,
7 verbose parsed url   hostname: null,
7 verbose parsed url   hash: null,
7 verbose parsed url   search: null,
7 verbose parsed url   query: null,
7 verbose parsed url   pathname: 'grunit-init',
7 verbose parsed url   path: 'grunit-init',
7 verbose parsed url   href: 'grunit-init' }
8 silly lockFile c222a83f-grunit-init grunit-init
9 verbose lock grunit-init C:\Users\george.ayris\AppData\Roaming\npm-cache\c222a83f-grunit-init.lock
10 silly lockFile c222a83f-grunit-init grunit-init
11 silly lockFile c222a83f-grunit-init grunit-init
12 verbose addNamed [ 'grunit-init', '' ]
13 verbose addNamed [ null, '*' ]
14 silly lockFile dc5090ea-grunit-init grunit-init@
15 verbose lock grunit-init@ C:\Users\george.ayris\AppData\Roaming\npm-cache\dc5090ea-grunit-init.lock
16 silly addNameRange { name: 'grunit-init', range: '*', hasData: false }
17 verbose request where is /grunit-init
18 verbose request registry https://registry.npmjs.org/
19 verbose request id 37fecb5d0ec34625
20 verbose url raw /grunit-init
21 verbose url resolving [ 'https://registry.npmjs.org/', './grunit-init' ]
22 verbose url resolved https://registry.npmjs.org/grunit-init
23 verbose request where is https://registry.npmjs.org/grunit-init
24 info trying registry request attempt 1 at 14:13:36
25 http GET https://registry.npmjs.org/grunit-init
26 http 404 https://registry.npmjs.org/grunit-init
27 verbose headers { date: 'Wed, 08 Oct 2014 13:13:34 GMT',
27 verbose headers   server: 'CouchDB/1.5.0 (Erlang OTP/R16B03)',
27 verbose headers   'content-type': 'application/json',
27 verbose headers   'cache-control': 'max-age=0',
27 verbose headers   'content-length': '52',
27 verbose headers   'accept-ranges': 'bytes',
27 verbose headers   via: '1.1 varnish',
27 verbose headers   age: '0',
27 verbose headers   'x-served-by': 'cache-lcy1132-LCY',
27 verbose headers   'x-cache': 'MISS',
27 verbose headers   'x-cache-hits': '0',
27 verbose headers   'x-timer': 'S1412774014.541378,VS0,VE86',
27 verbose headers   'keep-alive': 'timeout=10, max=50',
27 verbose headers   connection: 'Keep-Alive' }
28 silly registry.get cb [ 404,
28 silly registry.get   { date: 'Wed, 08 Oct 2014 13:13:34 GMT',
28 silly registry.get     server: 'CouchDB/1.5.0 (Erlang OTP/R16B03)',
28 silly registry.get     'content-type': 'application/json',
28 silly registry.get     'cache-control': 'max-age=0',
28 silly registry.get     'content-length': '52',
28 silly registry.get     'accept-ranges': 'bytes',
28 silly registry.get     via: '1.1 varnish',
28 silly registry.get     age: '0',
28 silly registry.get     'x-served-by': 'cache-lcy1132-LCY',
28 silly registry.get     'x-cache': 'MISS',
28 silly registry.get     'x-cache-hits': '0',
28 silly registry.get     'x-timer': 'S1412774014.541378,VS0,VE86',
28 silly registry.get     'keep-alive': 'timeout=10, max=50',
28 silly registry.get     connection: 'Keep-Alive' } ]
29 silly lockFile dc5090ea-grunit-init grunit-init@
30 silly lockFile dc5090ea-grunit-init grunit-init@
31 error 404 404 Not Found: grunit-init
31 error 404
31 error 404 'grunit-init' is not in the npm registry.
31 error 404 You should bug the author to publish it
31 error 404
31 error 404 Note that you can also install from a
31 error 404 tarball, folder, or http url, or git url.
32 error System Windows_NT 6.1.7601
33 error command "C:\\Program Files\\nodejs\\\\node.exe" "C:\\Program Files\\nodejs\\node_modules\\npm\\bin\\npm-cli.js" "install" "-g" "grunit-init"
34 error cwd D:\dev\justQueueIt
35 error node -v v0.10.32
36 error npm -v 1.4.28
37 error code E404
38 verbose exit [ 1, true ]
